GL_LOG_FILE log. local time Wed May 10 04:46:12 2023

Vertex data: 
-0.500000 -0.500000 -0.500000 0.000000 0.000000 
-1.000000 0.500000 -0.500000 -0.500000 0.000000 
0.000000 -1.000000 0.500000 0.500000 -0.500000 
0.000000 0.000000 -1.000000 0.500000 0.500000 
-0.500000 0.000000 0.000000 -1.000000 -0.500000 
0.500000 -0.500000 0.000000 0.000000 -1.000000 
-0.500000 -0.500000 -0.500000 0.000000 0.000000 
-1.000000 -0.500000 -0.500000 0.500000 0.000000 
0.000000 1.000000 0.500000 -0.500000 0.500000 
0.000000 0.000000 1.000000 0.500000 0.500000 
0.500000 0.000000 0.000000 1.000000 0.500000 
0.500000 0.500000 0.000000 0.000000 1.000000 
-0.500000 0.500000 0.500000 0.000000 0.000000 
1.000000 -0.500000 -0.500000 0.500000 0.000000 
0.000000 1.000000 -0.500000 0.500000 0.500000 
-1.000000 0.000000 0.000000 -0.500000 0.500000 
-0.500000 -1.000000 0.000000 0.000000 -0.500000 
-0.500000 -0.500000 -1.000000 0.000000 0.000000 
-0.500000 -0.500000 -0.500000 -1.000000 0.000000 
0.000000 -0.500000 -0.500000 0.500000 -1.000000 
0.000000 0.000000 -0.500000 0.500000 0.500000 
-1.000000 0.000000 0.000000 0.500000 0.500000 
0.500000 1.000000 0.000000 0.000000 0.500000 
0.500000 -0.500000 1.000000 0.000000 0.000000 
0.500000 -0.500000 -0.500000 1.000000 0.000000 
0.000000 0.500000 -0.500000 -0.500000 1.000000 
0.000000 0.000000 0.500000 -0.500000 0.500000 
1.000000 0.000000 0.000000 0.500000 0.500000 
0.500000 1.000000 0.000000 0.000000 -0.500000 
-0.500000 -0.500000 0.000000 -1.000000 0.000000 
0.500000 -0.500000 -0.500000 0.000000 -1.000000 
0.000000 0.500000 -0.500000 0.500000 0.000000 
-1.000000 0.000000 0.500000 -0.500000 0.500000 
0.000000 -1.000000 0.000000 -0.500000 -0.500000 
0.500000 0.000000 -1.000000 0.000000 -0.500000 
-0.500000 -0.500000 0.000000 -1.000000 0.000000 
-0.500000 0.500000 -0.500000 0.000000 1.000000 
0.000000 0.500000 0.500000 -0.500000 0.000000 
1.000000 0.000000 0.500000 0.500000 0.500000 
0.000000 1.000000 0.000000 0.500000 0.500000 
0.500000 0.000000 1.000000 0.000000 -0.500000 
0.500000 0.500000 0.000000 1.000000 0.000000 
-0.500000 0.500000 -0.500000 0.000000 1.000000 
0.000000 
Created VAO with ID: 1
Vertex data: 
-0.500000 -0.500000 -0.500000 0.000000 0.000000 
-1.000000 0.500000 -0.500000 -0.500000 0.000000 
0.000000 -1.000000 0.500000 0.500000 -0.500000 
0.000000 0.000000 -1.000000 0.500000 0.500000 
-0.500000 0.000000 0.000000 -1.000000 -0.500000 
0.500000 -0.500000 0.000000 0.000000 -1.000000 
-0.500000 -0.500000 -0.500000 0.000000 0.000000 
-1.000000 -0.500000 -0.500000 0.500000 0.000000 
0.000000 1.000000 0.500000 -0.500000 0.500000 
0.000000 0.000000 1.000000 0.500000 0.500000 
0.500000 0.000000 0.000000 1.000000 0.500000 
0.500000 0.500000 0.000000 0.000000 1.000000 
-0.500000 0.500000 0.500000 0.000000 0.000000 
1.000000 -0.500000 -0.500000 0.500000 0.000000 
0.000000 1.000000 -0.500000 0.500000 0.500000 
-1.000000 0.000000 0.000000 -0.500000 0.500000 
-0.500000 -1.000000 0.000000 0.000000 -0.500000 
-0.500000 -0.500000 -1.000000 0.000000 0.000000 
-0.500000 -0.500000 -0.500000 -1.000000 0.000000 
0.000000 -0.500000 -0.500000 0.500000 -1.000000 
0.000000 0.000000 -0.500000 0.500000 0.500000 
-1.000000 0.000000 0.000000 0.500000 0.500000 
0.500000 1.000000 0.000000 0.000000 0.500000 
0.500000 -0.500000 1.000000 0.000000 0.000000 
0.500000 -0.500000 -0.500000 1.000000 0.000000 
0.000000 0.500000 -0.500000 -0.500000 1.000000 
0.000000 0.000000 0.500000 -0.500000 0.500000 
1.000000 0.000000 0.000000 0.500000 0.500000 
0.500000 1.000000 0.000000 0.000000 -0.500000 
-0.500000 -0.500000 0.000000 -1.000000 0.000000 
0.500000 -0.500000 -0.500000 0.000000 -1.000000 
0.000000 0.500000 -0.500000 0.500000 0.000000 
-1.000000 0.000000 0.500000 -0.500000 0.500000 
0.000000 -1.000000 0.000000 -0.500000 -0.500000 
0.500000 0.000000 -1.000000 0.000000 -0.500000 
-0.500000 -0.500000 0.000000 -1.000000 0.000000 
-0.500000 0.500000 -0.500000 0.000000 1.000000 
0.000000 0.500000 0.500000 -0.500000 0.000000 
1.000000 0.000000 0.500000 0.500000 0.500000 
0.000000 1.000000 0.000000 0.500000 0.500000 
0.500000 0.000000 1.000000 0.000000 -0.500000 
0.500000 0.500000 0.000000 1.000000 0.000000 
-0.500000 0.500000 -0.500000 0.000000 1.000000 
0.000000 
Created VAO with ID: 2
